2022-09-26 09:15:34 -- no13_EnEndSelfChecks.odt has data? True, template opened?True
2022-09-26 09:21:47 -- Open Template => D:\cSharp\outflowreportexportapi\OutFlowReportExportAPI\App_Data\template\appendix\no13_EnEndSelfChecks.odt
2022-09-26 09:21:51 -- no13_EnEndSelfChecks.odt has data? True, template opened?True
2022-09-26 09:21:58 -- Open Template => D:\cSharp\outflowreportexportapi\OutFlowReportExportAPI\App_Data\template\appendix\no13_EnEndSelfChecks.odt
2022-09-26 09:21:59 -- no13_EnEndSelfChecks.odt has data? True, template opened?True
2022-09-26 09:36:43 -- Open Template => D:\cSharp\outflowreportexportapi\OutFlowReportExportAPI\App_Data\template\appendix\no13_EnEndSelfChecks.odt
2022-09-26 09:36:44 -- no13_EnEndSelfChecks.odt has data? True, template opened?True
2022-09-26 09:36:44 -- Generate word => D:\cSharp\outflowreportexportapi\OutFlowReportExportAPI\bin\..\App_Data\temp\appendix\LR-OPL-008-111-0073\LR-OPL-008-111-0073.odt
2022-09-26 09:40:52 -- Open Template => D:\cSharp\outflowreportexportapi\OutFlowReportExportAPI\App_Data\template\appendix\no13_EnEndSelfChecks.odt
2022-09-26 09:40:53 -- no13_EnEndSelfChecks.odt has data? True, template opened?True
2022-09-26 09:40:53 -- Generate word => D:\cSharp\outflowreportexportapi\OutFlowReportExportAPI\bin\..\App_Data\temp\appendix\LR-OPL-008-111-0073\LR-OPL-008-111-0073.odt
2022-09-26 09:42:57 -- Open Template => D:\cSharp\outflowreportexportapi\OutFlowReportExportAPI\App_Data\template\appendix\no14_EnEndApplicationCompleted.odt
2022-09-26 09:42:58 -- no14_EnEndApplicationCompleted.odt has data? True, template opened?True
2022-09-26 09:42:58 -- Generate word => D:\cSharp\outflowreportexportapi\OutFlowReportExportAPI\bin\..\App_Data\temp\appendix\LR-OPL-008-111-0073\LR-OPL-008-111-0073.odt
2022-09-26 09:45:09 -- Open Template => D:\cSharp\outflowreportexportapi\OutFlowReportExportAPI\App_Data\template\appendix\no15_EnEndFinalChecks.odt
2022-09-26 09:45:10 -- no15_EnEndFinalChecks.odt has data? True, template opened?True
2022-09-26 09:45:10 -- Generate word => D:\cSharp\outflowreportexportapi\OutFlowReportExportAPI\bin\..\App_Data\temp\appendix\LR-OPL-008-111-0073\LR-OPL-008-111-0073.odt
2022-09-26 10:16:15 -- Open Template => D:\cSharp\outflowreportexportapi\OutFlowReportExportAPI\App_Data\template\appendix\no15_EnEndFinalChecks.odt
2022-09-26 10:16:16 -- no15_EnEndFinalChecks.odt has data? True, template opened?True
2022-09-26 10:30:49 -- Open Template => D:\cSharp\outflowreportexportapi\OutFlowReportExportAPI\App_Data\template\appendix\no15_EnEndFinalChecks.odt
2022-09-26 10:30:50 -- no15_EnEndFinalChecks.odt has data? True, template opened?True
2022-09-26 10:35:37 -- Open Template => D:\cSharp\outflowreportexportapi\OutFlowReportExportAPI\App_Data\template\appendix\no15_EnEndFinalChecks.odt
2022-09-26 10:35:37 -- no15_EnEndFinalChecks.odt has data? True, template opened?True
2022-09-26 10:35:37 -- Generate word => D:\cSharp\outflowreportexportapi\OutFlowReportExportAPI\bin\..\App_Data\temp\appendix\LR-OPL-008-111-0073\LR-OPL-008-111-0073.odt
2022-09-26 10:40:56 -- Open Template => D:\cSharp\outflowreportexportapi\OutFlowReportExportAPI\App_Data\template\appendix\no15_EnEndFinalChecks.odt
2022-09-26 10:40:57 -- no15_EnEndFinalChecks.odt has data? True, template opened?True
2022-09-26 10:40:57 -- Generate word => D:\cSharp\outflowreportexportapi\OutFlowReportExportAPI\bin\..\App_Data\temp\appendix\LR-OPL-008-111-0073\LR-OPL-008-111-0073.odt
2022-09-26 10:56:03 -- Open Template => D:\cSharp\outflowreportexportapi\OutFlowReportExportAPI\App_Data\template\appendix\no15_EnEndFinalChecks.odt
2022-09-26 10:56:04 -- no15_EnEndFinalChecks.odt has data? True, template opened?True
2022-09-26 10:56:04 -- Generate word => D:\cSharp\outflowreportexportapi\OutFlowReportExportAPI\bin\..\App_Data\temp\appendix\LR-OPL-008-111-0073\LR-OPL-008-111-0073.odt
2022-09-26 10:57:46 -- Open Template => D:\cSharp\outflowreportexportapi\OutFlowReportExportAPI\App_Data\template\appendix\no15_EnEndFinalChecks.odt
2022-09-26 10:57:47 -- no15_EnEndFinalChecks.odt has data? True, template opened?True
2022-09-26 11:05:47 -- Open Template => D:\cSharp\outflowreportexportapi\OutFlowReportExportAPI\App_Data\template\appendix\no15_EnEndFinalChecks.odt
2022-09-26 11:05:48 -- no15_EnEndFinalChecks.odt has data? True, template opened?True
2022-09-26 11:21:36 -- Open Template => D:\cSharp\outflowreportexportapi\OutFlowReportExportAPI\App_Data\template\appendix\no15_EnEndFinalChecks.odt
2022-09-26 11:21:37 -- no15_EnEndFinalChecks.odt has data? True, template opened?True
2022-09-26 11:36:24 -- Open Template => D:\cSharp\outflowreportexportapi\OutFlowReportExportAPI\App_Data\template\appendix\no15_EnEndFinalChecks.odt
2022-09-26 11:36:25 -- no15_EnEndFinalChecks.odt has data? True, template opened?True
2022-09-26 11:41:02 -- Open Template => D:\cSharp\outflowreportexportapi\OutFlowReportExportAPI\App_Data\template\appendix\no15_EnEndFinalChecks.odt
2022-09-26 11:41:02 -- no15_EnEndFinalChecks.odt has data? True, template opened?True
2022-09-26 13:37:21 -- Open Template => D:\cSharp\outflowreportexportapi\OutFlowReportExportAPI\App_Data\template\appendix\no15_EnEndFinalChecks.odt
2022-09-26 13:37:22 -- no15_EnEndFinalChecks.odt has data? True, template opened?True
2022-09-26 13:50:37 -- Open Template => D:\cSharp\outflowreportexportapi\OutFlowReportExportAPI\App_Data\template\appendix\no15_EnEndFinalChecks.odt
2022-09-26 13:50:38 -- no15_EnEndFinalChecks.odt has data? True, template opened?True
2022-09-26 13:56:58 -- Open Template => D:\cSharp\outflowreportexportapi\OutFlowReportExportAPI\App_Data\template\appendix\no15_EnEndFinalChecks.odt
2022-09-26 13:56:59 -- no15_EnEndFinalChecks.odt has data? True, template opened?True
2022-09-26 13:57:22 -- Open Template => D:\cSharp\outflowreportexportapi\OutFlowReportExportAPI\App_Data\template\appendix\no15_EnEndFinalChecks.odt
2022-09-26 13:57:23 -- no15_EnEndFinalChecks.odt has data? True, template opened?True
2022-09-26 13:58:07 -- Open Template => D:\cSharp\outflowreportexportapi\OutFlowReportExportAPI\App_Data\template\appendix\no15_EnEndFinalChecks.odt
2022-09-26 13:58:08 -- no15_EnEndFinalChecks.odt has data? True, template opened?True
2022-09-26 13:59:53 -- Open Template => D:\cSharp\outflowreportexportapi\OutFlowReportExportAPI\App_Data\template\appendix\no15_EnEndFinalChecks.odt
2022-09-26 13:59:53 -- no15_EnEndFinalChecks.odt has data? True, template opened?True
2022-09-26 14:01:13 -- Open Template => D:\cSharp\outflowreportexportapi\OutFlowReportExportAPI\App_Data\template\appendix\no15_EnEndFinalChecks.odt
2022-09-26 14:01:14 -- no15_EnEndFinalChecks.odt has data? True, template opened?True
2022-09-26 14:02:47 -- Open Template => D:\cSharp\outflowreportexportapi\OutFlowReportExportAPI\App_Data\template\appendix\no15_EnEndFinalChecks.odt
2022-09-26 14:02:48 -- no15_EnEndFinalChecks.odt has data? True, template opened?True
2022-09-26 14:04:03 -- Open Template => D:\cSharp\outflowreportexportapi\OutFlowReportExportAPI\App_Data\template\appendix\no15_EnEndFinalChecks.odt
2022-09-26 14:04:03 -- no15_EnEndFinalChecks.odt has data? True, template opened?True
2022-09-26 14:04:05 -- Generate word => D:\cSharp\outflowreportexportapi\OutFlowReportExportAPI\bin\..\App_Data\temp\appendix\LR-OPL-008-111-0073\LR-OPL-008-111-0073.odt
2022-09-26 14:08:07 -- Open Template => D:\cSharp\outflowreportexportapi\OutFlowReportExportAPI\App_Data\template\appendix\no15_EnEndFinalChecks.odt
2022-09-26 14:08:08 -- no15_EnEndFinalChecks.odt has data? True, template opened?True
2022-09-26 14:09:26 -- Open Template => D:\cSharp\outflowreportexportapi\OutFlowReportExportAPI\App_Data\template\appendix\no15_EnEndFinalChecks.odt
2022-09-26 14:09:27 -- no15_EnEndFinalChecks.odt has data? True, template opened?True
2022-09-26 14:10:37 -- Open Template => D:\cSharp\outflowreportexportapi\OutFlowReportExportAPI\App_Data\template\appendix\no15_EnEndFinalChecks.odt
2022-09-26 14:10:38 -- no15_EnEndFinalChecks.odt has data? True, template opened?True
2022-09-26 14:10:40 -- Generate word => D:\cSharp\outflowreportexportapi\OutFlowReportExportAPI\bin\..\App_Data\temp\appendix\LR-OPL-008-111-0073\LR-OPL-008-111-0073.odt
2022-09-26 14:11:28 -- Open Template => D:\cSharp\outflowreportexportapi\OutFlowReportExportAPI\App_Data\template\appendix\no15_EnEndFinalChecks.odt
2022-09-26 14:11:29 -- no15_EnEndFinalChecks.odt has data? True, template opened?True
2022-09-26 14:12:02 -- Open Template => D:\cSharp\outflowreportexportapi\OutFlowReportExportAPI\App_Data\template\appendix\no15_EnEndFinalChecks.odt
2022-09-26 14:12:03 -- no15_EnEndFinalChecks.odt has data? True, template opened?True
2022-09-26 14:13:04 -- Open Template => D:\cSharp\outflowreportexportapi\OutFlowReportExportAPI\App_Data\template\appendix\no15_EnEndFinalChecks.odt
2022-09-26 14:13:04 -- no15_EnEndFinalChecks.odt has data? True, template opened?True
2022-09-26 14:16:07 -- Open Template => D:\cSharp\outflowreportexportapi\OutFlowReportExportAPI\App_Data\template\appendix\no15_EnEndFinalChecks.odt
2022-09-26 14:16:08 -- no15_EnEndFinalChecks.odt has data? True, template opened?True
2022-09-26 14:16:52 -- Open Template => D:\cSharp\outflowreportexportapi\OutFlowReportExportAPI\App_Data\template\appendix\no15_EnEndFinalChecks.odt
2022-09-26 14:16:53 -- no15_EnEndFinalChecks.odt has data? True, template opened?True
2022-09-26 14:46:30 -- Open Template => D:\cSharp\outflowreportexportapi\OutFlowReportExportAPI\App_Data\template\appendix\no15_EnEndFinalChecks.odt
2022-09-26 14:46:31 -- no15_EnEndFinalChecks.odt has data? True, template opened?True
2022-09-26 14:47:15 -- Open Template => D:\cSharp\outflowreportexportapi\OutFlowReportExportAPI\App_Data\template\appendix\no15_EnEndFinalChecks.odt
2022-09-26 14:47:16 -- no15_EnEndFinalChecks.odt has data? True, template opened?True
2022-09-26 14:51:49 -- Open Template => D:\cSharp\outflowreportexportapi\OutFlowReportExportAPI\App_Data\template\appendix\no15_EnEndFinalChecks.odt
2022-09-26 14:51:50 -- no15_EnEndFinalChecks.odt has data? True, template opened?True
2022-09-26 14:55:06 -- Open Template => D:\cSharp\outflowreportexportapi\OutFlowReportExportAPI\App_Data\template\appendix\no15_EnEndFinalChecks.odt
2022-09-26 14:55:07 -- no15_EnEndFinalChecks.odt has data? True, template opened?True
2022-09-26 14:58:50 -- Open Template => D:\cSharp\outflowreportexportapi\OutFlowReportExportAPI\App_Data\template\appendix\no15_EnEndFinalChecks.odt
2022-09-26 14:58:51 -- no15_EnEndFinalChecks.odt has data? True, template opened?True
2022-09-26 14:59:55 -- Open Template => D:\cSharp\outflowreportexportapi\OutFlowReportExportAPI\App_Data\template\appendix\no15_EnEndFinalChecks.odt
2022-09-26 14:59:56 -- no15_EnEndFinalChecks.odt has data? True, template opened?True
2022-09-26 15:00:14 -- Open Template => D:\cSharp\outflowreportexportapi\OutFlowReportExportAPI\App_Data\template\appendix\no15_EnEndFinalChecks.odt
2022-09-26 15:00:16 -- no15_EnEndFinalChecks.odt has data? True, template opened?True
2022-09-26 15:01:13 -- Open Template => D:\cSharp\outflowreportexportapi\OutFlowReportExportAPI\App_Data\template\appendix\no15_EnEndFinalChecks.odt
2022-09-26 15:01:13 -- no15_EnEndFinalChecks.odt has data? True, template opened?True
2022-09-26 15:02:03 -- Open Template => D:\cSharp\outflowreportexportapi\OutFlowReportExportAPI\App_Data\template\appendix\no15_EnEndFinalChecks.odt
2022-09-26 15:02:04 -- no15_EnEndFinalChecks.odt has data? True, template opened?True
2022-09-26 15:12:41 -- Open Template => D:\cSharp\outflowreportexportapi\OutFlowReportExportAPI\App_Data\template\appendix\no15_EnEndFinalChecks.odt
2022-09-26 15:12:41 -- no15_EnEndFinalChecks.odt has data? True, template opened?True
2022-09-26 15:14:12 -- Open Template => D:\cSharp\outflowreportexportapi\OutFlowReportExportAPI\App_Data\template\appendix\no15_EnEndFinalChecks.odt
2022-09-26 15:14:13 -- no15_EnEndFinalChecks.odt has data? True, template opened?True
2022-09-26 15:33:50 -- Open Template => D:\cSharp\outflowreportexportapi\OutFlowReportExportAPI\App_Data\template\appendix\no15_EnEndFinalChecks.odt
2022-09-26 15:33:51 -- no15_EnEndFinalChecks.odt has data? True, template opened?True
2022-09-26 15:43:25 -- Open Template => D:\cSharp\outflowreportexportapi\OutFlowReportExportAPI\App_Data\template\appendix\no15_EnEndFinalChecks.odt
2022-09-26 15:43:26 -- no15_EnEndFinalChecks.odt has data? True, template opened?True
2022-09-26 16:16:18 -- Open Template => D:\cSharp\outflowreportexportapi\OutFlowReportExportAPI\App_Data\template\appendix\no15_EnEndFinalChecks.odt
2022-09-26 16:16:19 -- no15_EnEndFinalChecks.odt has data? True, template opened?True
2022-09-26 16:16:49 -- Generate word => D:\cSharp\outflowreportexportapi\OutFlowReportExportAPI\bin\..\App_Data\temp\appendix\LR-OPL-008-111-0073\LR-OPL-008-111-0073.odt
2022-09-26 16:29:03 -- Open Template => D:\cSharp\outflowreportexportapi\OutFlowReportExportAPI\App_Data\template\appendix\no15_EnEndFinalChecks.odt
2022-09-26 16:29:03 -- no15_EnEndFinalChecks.odt has data? True, template opened?True
2022-09-26 16:29:04 -- Generate word => D:\cSharp\outflowreportexportapi\OutFlowReportExportAPI\bin\..\App_Data\temp\appendix\LR-OPL-008-111-0073\LR-OPL-008-111-0073.odt
2022-09-26 16:31:04 -- Open Template => D:\cSharp\outflowreportexportapi\OutFlowReportExportAPI\App_Data\template\appendix\no16_EnEndCompletion.odt
2022-09-26 16:31:04 -- no16_EnEndCompletion.odt has data? True, template opened?True
2022-09-26 16:31:05 -- Generate word => D:\cSharp\outflowreportexportapi\OutFlowReportExportAPI\bin\..\App_Data\temp\appendix\LR-OPL-008-111-0073\LR-OPL-008-111-0073.odt
2022-09-26 16:32:19 -- Open Template => D:\cSharp\outflowreportexportapi\OutFlowReportExportAPI\App_Data\template\appendix\no17_MMRecord.odt
2022-09-26 16:32:20 -- no17_MMRecord.odt has data? True, template opened?True
2022-09-26 16:32:20 -- Generate word => D:\cSharp\outflowreportexportapi\OutFlowReportExportAPI\bin\..\App_Data\temp\appendix\LR-OPL-008-111-0073\LR-OPL-008-111-0073.odt
2022-09-26 16:35:57 -- Open Template => D:\cSharp\outflowreportexportapi\OutFlowReportExportAPI\App_Data\template\appendix\no15_EnEndFinalChecks.odt
2022-09-26 16:35:57 -- no15_EnEndFinalChecks.odt has data? True, template opened?True
2022-09-26 16:35:58 -- Generate word => D:\cSharp\outflowreportexportapi\OutFlowReportExportAPI\bin\..\App_Data\temp\appendix\LR-OPL-008-111-0073\LR-OPL-008-111-0073.odt
2022-09-26 16:37:46 -- Open Template => D:\cSharp\outflowreportexportapi\OutFlowReportExportAPI\App_Data\template\appendix\no15_EnEndFinalChecks.odt
2022-09-26 16:37:46 -- no15_EnEndFinalChecks.odt has data? True, template opened?True
2022-09-26 16:37:47 -- Generate word => D:\cSharp\outflowreportexportapi\OutFlowReportExportAPI\bin\..\App_Data\temp\appendix\LR-OPL-008-111-0073\LR-OPL-008-111-0073.odt
2022-09-26 16:40:27 -- Open Template => D:\cSharp\outflowreportexportapi\OutFlowReportExportAPI\App_Data\template\appendix\no17_MMRecord.odt
2022-09-26 16:40:28 -- no17_MMRecord.odt has data? True, template opened?True
2022-09-26 16:40:28 -- Generate word => D:\cSharp\outflowreportexportapi\OutFlowReportExportAPI\bin\..\App_Data\temp\appendix\LR-OPL-008-111-0073\LR-OPL-008-111-0073.odt
2022-09-26 17:02:21 -- Open Template => D:\cSharp\outflowreportexportapi\OutFlowReportExportAPI\App_Data\template\appendix\no17_MMRecord.odt
2022-09-26 17:02:22 -- no17_MMRecord.odt has data? True, template opened?True
2022-09-26 17:02:22 -- Generate word => D:\cSharp\outflowreportexportapi\OutFlowReportExportAPI\bin\..\App_Data\temp\appendix\LR-OPL-008-111-0073\LR-OPL-008-111-0073.odt
2022-09-26 17:06:49 -- Open Template => D:\cSharp\outflowreportexportapi\OutFlowReportExportAPI\App_Data\template\appendix\no17_MMRecord.odt
2022-09-26 17:06:50 -- no17_MMRecord.odt has data? True, template opened?True
2022-09-26 17:08:10 -- Open Template => D:\cSharp\outflowreportexportapi\OutFlowReportExportAPI\App_Data\template\appendix\no17_MMRecord.odt
2022-09-26 17:08:10 -- no17_MMRecord.odt has data? True, template opened?True
2022-09-26 17:08:58 -- Open Template => D:\cSharp\outflowreportexportapi\OutFlowReportExportAPI\App_Data\template\appendix\no17_MMRecord.odt
2022-09-26 17:08:59 -- no17_MMRecord.odt has data? True, template opened?True
2022-09-26 17:09:18 -- Open Template => D:\cSharp\outflowreportexportapi\OutFlowReportExportAPI\App_Data\template\appendix\no17_MMRecord.odt
2022-09-26 17:09:20 -- no17_MMRecord.odt has data? True, template opened?True
2022-09-26 17:21:25 -- Open Template => D:\cSharp\outflowreportexportapi\OutFlowReportExportAPI\App_Data\template\appendix\no17_MMRecord.odt
2022-09-26 17:21:27 -- no17_MMRecord.odt has data? True, template opened?True
2022-09-26 17:21:27 -- Generate word => D:\cSharp\outflowreportexportapi\OutFlowReportExportAPI\bin\..\App_Data\temp\appendix\LR-OPL-008-111-0073\LR-OPL-008-111-0073.odt
2022-09-26 17:24:01 -- Open Template => D:\cSharp\outflowreportexportapi\OutFlowReportExportAPI\App_Data\template\appendix\no17_MMRecord.odt
2022-09-26 17:24:02 -- no17_MMRecord.odt has data? True, template opened?True
2022-09-26 17:24:03 -- Generate word => D:\cSharp\outflowreportexportapi\OutFlowReportExportAPI\bin\..\App_Data\temp\appendix\LR-OPL-008-111-0073\LR-OPL-008-111-0073.odt
2022-09-26 17:26:10 -- Open Template => D:\cSharp\outflowreportexportapi\OutFlowReportExportAPI\App_Data\template\appendix\no17_MMRecord.odt
2022-09-26 17:26:11 -- no17_MMRecord.odt has data? True, template opened?True
2022-09-26 17:26:11 -- Generate word => D:\cSharp\outflowreportexportapi\OutFlowReportExportAPI\bin\..\App_Data\temp\appendix\LR-OPL-008-111-0073\LR-OPL-008-111-0073.odt
2022-09-26 17:32:24 -- Open Template => D:\cSharp\outflowreportexportapi\OutFlowReportExportAPI\App_Data\template\appendix\no17_MMRecord.odt
2022-09-26 17:32:25 -- no17_MMRecord.odt has data? True, template opened?True
2022-09-26 17:33:41 -- Generate word => D:\cSharp\outflowreportexportapi\OutFlowReportExportAPI\bin\..\App_Data\temp\appendix\LR-OPL-008-111-0073\LR-OPL-008-111-0073.odt
2022-09-26 17:35:48 -- Open Template => D:\cSharp\outflowreportexportapi\OutFlowReportExportAPI\App_Data\template\appendix\no17_MMRecord.odt
2022-09-26 17:35:49 -- no17_MMRecord.odt has data? True, template opened?True
2022-09-26 17:35:49 -- Generate word => D:\cSharp\outflowreportexportapi\OutFlowReportExportAPI\bin\..\App_Data\temp\appendix\LR-OPL-008-111-0073\LR-OPL-008-111-0073.odt
2022-09-26 17:38:21 -- Open Template => D:\cSharp\outflowreportexportapi\OutFlowReportExportAPI\App_Data\template\appendix\no17_MMRecord.odt
2022-09-26 17:38:22 -- no17_MMRecord.odt has data? True, template opened?True
2022-09-26 17:38:22 -- Generate word => D:\cSharp\outflowreportexportapi\OutFlowReportExportAPI\bin\..\App_Data\temp\appendix\LR-OPL-008-111-0073\LR-OPL-008-111-0073.odt
2022-09-26 17:43:08 -- Open Template => D:\cSharp\outflowreportexportapi\OutFlowReportExportAPI\App_Data\template\appendix\no17_MMRecord.odt
2022-09-26 17:43:09 -- no17_MMRecord.odt has data? True, template opened?True
2022-09-26 17:43:09 -- Generate word => D:\cSharp\outflowreportexportapi\OutFlowReportExportAPI\bin\..\App_Data\temp\appendix\LR-OPL-008-111-0073\LR-OPL-008-111-0073.odt
2022-09-26 17:44:58 -- Open Template => D:\cSharp\outflowreportexportapi\OutFlowReportExportAPI\App_Data\template\appendix\no17_MMRecord.odt
2022-09-26 17:44:59 -- no17_MMRecord.odt has data? True, template opened?True
2022-09-26 17:45:00 -- Generate word => D:\cSharp\outflowreportexportapi\OutFlowReportExportAPI\bin\..\App_Data\temp\appendix\LR-OPL-008-111-0073\LR-OPL-008-111-0073.odt
2022-09-26 17:51:20 -- Open Template => D:\cSharp\outflowreportexportapi\OutFlowReportExportAPI\App_Data\template\appendix\no18_MMSVRecord.odt
2022-09-26 17:51:20 -- no18_MMSVRecord.odt has data? True, template opened?True
2022-09-26 17:51:20 -- Generate word => D:\cSharp\outflowreportexportapi\OutFlowReportExportAPI\bin\..\App_Data\temp\appendix\LR-OPL-008-111-0073\LR-OPL-008-111-0073.odt
2022-09-26 17:52:27 -- Open Template => D:\cSharp\outflowreportexportapi\OutFlowReportExportAPI\App_Data\template\appendix\no18_MMSVRecord.odt
2022-09-26 17:52:27 -- no18_MMSVRecord.odt has data? True, template opened?True
2022-09-26 17:52:27 -- Generate word => D:\cSharp\outflowreportexportapi\OutFlowReportExportAPI\bin\..\App_Data\temp\appendix\LR-OPL-008-111-0073\LR-OPL-008-111-0073.odt
2022-09-26 17:57:10 -- Open Template => D:\cSharp\outflowreportexportapi\OutFlowReportExportAPI\App_Data\template\appendix\no18_MMSVRecord.odt
2022-09-26 17:57:11 -- no18_MMSVRecord.odt has data? True, template opened?True
2022-09-26 17:57:32 -- Generate word => D:\cSharp\outflowreportexportapi\OutFlowReportExportAPI\bin\..\App_Data\temp\appendix\LR-OPL-008-111-0073\LR-OPL-008-111-0073.odt
2022-09-27 08:36:23 -- Open Template => D:\cSharp\outflowreportexportapi\OutFlowReportExportAPI\App_Data\template\appendix\no18_MMSVRecord.odt
2022-09-27 08:36:26 -- no18_MMSVRecord.odt has data? True, template opened?True
2022-09-27 08:36:27 -- Generate word => D:\cSharp\outflowreportexportapi\OutFlowReportExportAPI\bin\..\App_Data\temp\appendix\LR-OPL-008-111-0073\LR-OPL-008-111-0073.odt
2022-09-27 08:38:21 -- Open Template => D:\cSharp\outflowreportexportapi\OutFlowReportExportAPI\App_Data\template\appendix\no18_MMSVRecord.odt
2022-09-27 08:38:22 -- no18_MMSVRecord.odt has data? True, template opened?True
2022-09-27 08:44:20 -- Open Template => D:\cSharp\outflowreportexportapi\OutFlowReportExportAPI\App_Data\template\appendix\no18_MMSVRecord.odt
2022-09-27 08:44:21 -- no18_MMSVRecord.odt has data? True, template opened?True
2022-09-27 08:48:40 -- Open Template => D:\cSharp\outflowreportexportapi\OutFlowReportExportAPI\App_Data\template\appendix\no18_MMSVRecord.odt
2022-09-27 08:48:41 -- no18_MMSVRecord.odt has data? True, template opened?True
2022-09-27 08:48:42 -- Generate word => D:\cSharp\outflowreportexportapi\OutFlowReportExportAPI\bin\..\App_Data\temp\appendix\LR-OPL-008-111-0073\LR-OPL-008-111-0073.odt
2022-09-27 08:50:31 -- Open Template => D:\cSharp\outflowreportexportapi\OutFlowReportExportAPI\App_Data\template\appendix\no18_MMSVRecord.odt
2022-09-27 08:50:32 -- no18_MMSVRecord.odt has data? True, template opened?True
2022-09-27 08:50:32 -- Generate word => D:\cSharp\outflowreportexportapi\OutFlowReportExportAPI\bin\..\App_Data\temp\appendix\LR-OPL-008-111-0073\LR-OPL-008-111-0073.odt
2022-09-27 08:50:55 -- Open Template => D:\cSharp\outflowreportexportapi\OutFlowReportExportAPI\App_Data\template\appendix\no18_MMSVRecord.odt
2022-09-27 08:50:56 -- no18_MMSVRecord.odt has data? True, template opened?True
2022-09-27 08:58:37 -- Open Template => D:\cSharp\outflowreportexportapi\OutFlowReportExportAPI\App_Data\template\appendix\no18_MMSVRecord.odt
2022-09-27 08:58:38 -- no18_MMSVRecord.odt has data? True, template opened?True
2022-09-27 09:06:21 -- Open Template => D:\cSharp\outflowreportexportapi\OutFlowReportExportAPI\App_Data\template\appendix\no18_MMSVRecord.odt
2022-09-27 09:06:21 -- no18_MMSVRecord.odt has data? True, template opened?True
2022-09-27 09:17:56 -- Open Template => D:\cSharp\outflowreportexportapi\OutFlowReportExportAPI\App_Data\template\appendix\no18_MMSVRecord.odt
2022-09-27 09:17:57 -- no18_MMSVRecord.odt has data? True, template opened?True
2022-09-27 09:18:05 -- Generate word => D:\cSharp\outflowreportexportapi\OutFlowReportExportAPI\bin\..\App_Data\temp\appendix\LR-OPL-008-111-0073\LR-OPL-008-111-0073.odt
2022-09-27 09:19:21 -- Open Template => D:\cSharp\outflowreportexportapi\OutFlowReportExportAPI\App_Data\template\appendix\no10_PlanSupervision.odt
2022-09-27 09:19:22 -- no10_PlanSupervision.odt has data? True, template opened?True
2022-09-27 09:19:22 -- Generate word => D:\cSharp\outflowreportexportapi\OutFlowReportExportAPI\bin\..\App_Data\temp\appendix\LR-OPL-008-111-0073\LR-OPL-008-111-0073.odt
2022-09-27 09:20:16 -- Open Template => D:\cSharp\outflowreportexportapi\OutFlowReportExportAPI\App_Data\template\appendix\no10_PlanSupervision.odt
2022-09-27 09:20:16 -- no10_PlanSupervision.odt has data? True, template opened?True
2022-09-27 09:20:16 -- Generate word => D:\cSharp\outflowreportexportapi\OutFlowReportExportAPI\bin\..\App_Data\temp\appendix\LR-OPL-008-111-0073\LR-OPL-008-111-0073.odt
2022-09-27 09:21:32 -- Open Template => D:\cSharp\outflowreportexportapi\OutFlowReportExportAPI\App_Data\template\appendix\no10_PlanSupervision.odt
2022-09-27 09:21:33 -- no10_PlanSupervision.odt has data? True, template opened?True
2022-09-27 09:21:36 -- Generate word => D:\cSharp\outflowreportexportapi\OutFlowReportExportAPI\bin\..\App_Data\temp\appendix\LR-OPL-008-111-0073\LR-OPL-008-111-0073.odt
2022-09-27 09:23:11 -- Open Template => D:\cSharp\outflowreportexportapi\OutFlowReportExportAPI\App_Data\template\appendix\no10_PlanSupervision.odt
2022-09-27 09:23:12 -- no10_PlanSupervision.odt has data? True, template opened?True
2022-09-27 09:23:12 -- Generate word => D:\cSharp\outflowreportexportapi\OutFlowReportExportAPI\bin\..\App_Data\temp\appendix\LR-OPL-008-111-0073\LR-OPL-008-111-0073.odt
2022-09-27 09:23:40 -- Open Template => D:\cSharp\outflowreportexportapi\OutFlowReportExportAPI\App_Data\template\appendix\no11_EnSVChecks.odt
2022-09-27 09:23:41 -- no11_EnSVChecks.odt has data? True, template opened?True
2022-09-27 09:23:41 -- Generate word => D:\cSharp\outflowreportexportapi\OutFlowReportExportAPI\bin\..\App_Data\temp\appendix\LR-OPL-008-111-0073\LR-OPL-008-111-0073.odt
2022-09-27 09:25:33 -- Open Template => D:\cSharp\outflowreportexportapi\OutFlowReportExportAPI\App_Data\template\appendix\no13_EnEndSelfChecks.odt
2022-09-27 09:25:33 -- no13_EnEndSelfChecks.odt has data? True, template opened?True
2022-09-27 09:25:34 -- Generate word => D:\cSharp\outflowreportexportapi\OutFlowReportExportAPI\bin\..\App_Data\temp\appendix\LR-OPL-008-111-0073\LR-OPL-008-111-0073.odt
2022-09-27 09:27:57 -- Open Template => D:\cSharp\outflowreportexportapi\OutFlowReportExportAPI\App_Data\template\appendix\no14_EnEndApplicationCompleted.odt
2022-09-27 09:27:58 -- no14_EnEndApplicationCompleted.odt has data? True, template opened?True
2022-09-27 09:27:58 -- Generate word => D:\cSharp\outflowreportexportapi\OutFlowReportExportAPI\bin\..\App_Data\temp\appendix\LR-OPL-008-111-0073\LR-OPL-008-111-0073.odt
2022-09-27 09:28:09 -- Open Template => D:\cSharp\outflowreportexportapi\OutFlowReportExportAPI\App_Data\template\appendix\no14_EnEndApplicationCompleted.odt
2022-09-27 09:28:09 -- no14_EnEndApplicationCompleted.odt has data? True, template opened?True
2022-09-27 09:28:10 -- Generate word => D:\cSharp\outflowreportexportapi\OutFlowReportExportAPI\bin\..\App_Data\temp\appendix\LR-OPL-008-111-0073\LR-OPL-008-111-0073.odt
2022-09-27 09:28:40 -- Open Template => D:\cSharp\outflowreportexportapi\OutFlowReportExportAPI\App_Data\template\appendix\no15_EnEndFinalChecks.odt
2022-09-27 09:28:40 -- no15_EnEndFinalChecks.odt has data? True, template opened?True
2022-09-27 09:28:41 -- Generate word => D:\cSharp\outflowreportexportapi\OutFlowReportExportAPI\bin\..\App_Data\temp\appendix\LR-OPL-008-111-0073\LR-OPL-008-111-0073.odt
2022-09-27 09:29:18 -- Open Template => D:\cSharp\outflowreportexportapi\OutFlowReportExportAPI\App_Data\template\appendix\no15_EnEndFinalChecks.odt
2022-09-27 09:29:19 -- no15_EnEndFinalChecks.odt has data? True, template opened?True
2022-09-27 09:29:20 -- Generate word => D:\cSharp\outflowreportexportapi\OutFlowReportExportAPI\bin\..\App_Data\temp\appendix\LR-OPL-008-111-0073\LR-OPL-008-111-0073.odt
2022-09-27 09:30:43 -- Open Template => D:\cSharp\outflowreportexportapi\OutFlowReportExportAPI\App_Data\template\appendix\no15_EnEndFinalChecks.odt
2022-09-27 09:30:44 -- no15_EnEndFinalChecks.odt has data? True, template opened?True
2022-09-27 09:30:44 -- Generate word => D:\cSharp\outflowreportexportapi\OutFlowReportExportAPI\bin\..\App_Data\temp\appendix\LR-OPL-008-111-0073\LR-OPL-008-111-0073.odt
2022-09-27 09:33:49 -- Open Template => D:\cSharp\outflowreportexportapi\OutFlowReportExportAPI\App_Data\template\appendix\no15_EnEndFinalChecks.odt
2022-09-27 09:33:50 -- no15_EnEndFinalChecks.odt has data? True, template opened?True
2022-09-27 09:33:51 -- Generate word => D:\cSharp\outflowreportexportapi\OutFlowReportExportAPI\bin\..\App_Data\temp\appendix\LR-OPL-008-111-0073\LR-OPL-008-111-0073.odt
2022-09-27 09:34:32 -- Open Template => D:\cSharp\outflowreportexportapi\OutFlowReportExportAPI\App_Data\template\appendix\no16_EnEndCompletion.odt
2022-09-27 09:34:33 -- no16_EnEndCompletion.odt has data? True, template opened?True
2022-09-27 09:34:33 -- Generate word => D:\cSharp\outflowreportexportapi\OutFlowReportExportAPI\bin\..\App_Data\temp\appendix\LR-OPL-008-111-0073\LR-OPL-008-111-0073.odt
2022-09-27 09:34:47 -- Open Template => D:\cSharp\outflowreportexportapi\OutFlowReportExportAPI\App_Data\template\appendix\no16_EnEndCompletion.odt
2022-09-27 09:34:47 -- no16_EnEndCompletion.odt has data? True, template opened?True
2022-09-27 09:34:48 -- Generate word => D:\cSharp\outflowreportexportapi\OutFlowReportExportAPI\bin\..\App_Data\temp\appendix\LR-OPL-008-111-0073\LR-OPL-008-111-0073.odt
2022-09-27 09:35:17 -- Open Template => D:\cSharp\outflowreportexportapi\OutFlowReportExportAPI\App_Data\template\appendix\no17_MMRecord.odt
2022-09-27 09:35:18 -- no17_MMRecord.odt has data? True, template opened?True
2022-09-27 09:35:19 -- Generate word => D:\cSharp\outflowreportexportapi\OutFlowReportExportAPI\bin\..\App_Data\temp\appendix\LR-OPL-008-111-0073\LR-OPL-008-111-0073.odt
2022-09-27 09:36:10 -- Open Template => D:\cSharp\outflowreportexportapi\OutFlowReportExportAPI\App_Data\template\appendix\no18_MMSVRecord.odt
2022-09-27 09:36:11 -- no18_MMSVRecord.odt has data? True, template opened?True
2022-09-27 09:36:11 -- Generate word => D:\cSharp\outflowreportexportapi\OutFlowReportExportAPI\bin\..\App_Data\temp\appendix\LR-OPL-008-111-0073\LR-OPL-008-111-0073.odt
2022-09-27 09:37:19 -- Open Template => D:\cSharp\outflowreportexportapi\OutFlowReportExportAPI\App_Data\template\appendix\no14_EnEndApplicationCompleted.odt
2022-09-27 09:37:20 -- no14_EnEndApplicationCompleted.odt has data? True, template opened?True
2022-09-27 09:37:20 -- Generate word => D:\cSharp\outflowreportexportapi\OutFlowReportExportAPI\bin\..\App_Data\temp\appendix\LR-OPL-008-111-0073\LR-OPL-008-111-0073.odt
2022-09-27 09:40:22 -- Open Template => D:\cSharp\outflowreportexportapi\OutFlowReportExportAPI\App_Data\template\appendix\no10_PlanSupervision.odt
2022-09-27 09:40:22 -- no10_PlanSupervision.odt has data? True, template opened?True
2022-09-27 09:40:22 -- Generate word => D:\cSharp\outflowreportexportapi\OutFlowReportExportAPI\bin\..\App_Data\temp\appendix\LR-OPL-008-111-0073\LR-OPL-008-111-0073.odt
2022-09-27 09:40:44 -- Open Template => D:\cSharp\outflowreportexportapi\OutFlowReportExportAPI\App_Data\template\appendix\no11_EnSVChecks.odt
2022-09-27 09:40:45 -- no11_EnSVChecks.odt has data? True, template opened?True
2022-09-27 09:40:46 -- Generate word => D:\cSharp\outflowreportexportapi\OutFlowReportExportAPI\bin\..\App_Data\temp\appendix\LR-OPL-008-111-0073\LR-OPL-008-111-0073.odt
2022-09-27 09:47:46 -- Open Template => D:\cSharp\outflowreportexportapi\OutFlowReportExportAPI\App_Data\template\appendix\no18_MMSVRecord.odt
2022-09-27 09:47:46 -- no18_MMSVRecord.odt has data? True, template opened?True
2022-09-27 09:47:47 -- Generate word => D:\cSharp\outflowreportexportapi\OutFlowReportExportAPI\bin\..\App_Data\temp\appendix\LR-OPL-008-111-0073\LR-OPL-008-111-0073.odt
2022-09-27 09:48:25 -- Open Template => D:\cSharp\outflowreportexportapi\OutFlowReportExportAPI\App_Data\template\appendix\no18_MMSVRecord.odt
2022-09-27 09:48:25 -- no18_MMSVRecord.odt has data? True, template opened?True
2022-09-27 09:48:26 -- Generate word => D:\cSharp\outflowreportexportapi\OutFlowReportExportAPI\bin\..\App_Data\temp\appendix\LR-OPL-008-111-0073\LR-OPL-008-111-0073.odt
2022-09-27 09:50:05 -- Open Template => D:\cSharp\outflowreportexportapi\OutFlowReportExportAPI\App_Data\template\appendix\no10_PlanSupervision.odt
2022-09-27 09:50:06 -- no10_PlanSupervision.odt has data? True, template opened?True
2022-09-27 09:50:06 -- Generate word => D:\cSharp\outflowreportexportapi\OutFlowReportExportAPI\bin\..\App_Data\temp\appendix\LR-OPL-008-111-0073\LR-OPL-008-111-0073.odt
2022-09-27 09:50:29 -- Open Template => D:\cSharp\outflowreportexportapi\OutFlowReportExportAPI\App_Data\template\appendix\no11_EnSVChecks.odt
2022-09-27 09:50:30 -- no11_EnSVChecks.odt has data? True, template opened?True
2022-09-27 09:50:31 -- Generate word => D:\cSharp\outflowreportexportapi\OutFlowReportExportAPI\bin\..\App_Data\temp\appendix\LR-OPL-008-111-0073\LR-OPL-008-111-0073.odt
2022-09-27 09:51:00 -- Open Template => D:\cSharp\outflowreportexportapi\OutFlowReportExportAPI\App_Data\template\appendix\no13_EnEndSelfChecks.odt
2022-09-27 09:51:01 -- no13_EnEndSelfChecks.odt has data? True, template opened?True
2022-09-27 09:51:02 -- Generate word => D:\cSharp\outflowreportexportapi\OutFlowReportExportAPI\bin\..\App_Data\temp\appendix\LR-OPL-008-111-0073\LR-OPL-008-111-0073.odt
2022-09-27 09:52:00 -- Open Template => D:\cSharp\outflowreportexportapi\OutFlowReportExportAPI\App_Data\template\appendix\no14_EnEndApplicationCompleted.odt
2022-09-27 09:52:01 -- no14_EnEndApplicationCompleted.odt has data? True, template opened?True
2022-09-27 09:52:01 -- Generate word => D:\cSharp\outflowreportexportapi\OutFlowReportExportAPI\bin\..\App_Data\temp\appendix\LR-OPL-008-111-0073\LR-OPL-008-111-0073.odt
2022-09-27 09:52:27 -- Open Template => D:\cSharp\outflowreportexportapi\OutFlowReportExportAPI\App_Data\template\appendix\no15_EnEndFinalChecks.odt
2022-09-27 09:52:28 -- no15_EnEndFinalChecks.odt has data? True, template opened?True
2022-09-27 09:52:29 -- Generate word => D:\cSharp\outflowreportexportapi\OutFlowReportExportAPI\bin\..\App_Data\temp\appendix\LR-OPL-008-111-0073\LR-OPL-008-111-0073.odt
2022-09-27 09:53:27 -- Open Template => D:\cSharp\outflowreportexportapi\OutFlowReportExportAPI\App_Data\template\appendix\no16_EnEndCompletion.odt
2022-09-27 09:53:28 -- no16_EnEndCompletion.odt has data? True, template opened?True
2022-09-27 09:53:28 -- Generate word => D:\cSharp\outflowreportexportapi\OutFlowReportExportAPI\bin\..\App_Data\temp\appendix\LR-OPL-008-111-0073\LR-OPL-008-111-0073.odt
2022-09-27 09:53:44 -- Open Template => D:\cSharp\outflowreportexportapi\OutFlowReportExportAPI\App_Data\template\appendix\no17_MMRecord.odt
2022-09-27 09:53:45 -- no17_MMRecord.odt has data? True, template opened?True
2022-09-27 09:53:49 -- Open Template => D:\cSharp\outflowreportexportapi\OutFlowReportExportAPI\App_Data\template\appendix\no17_MMRecord.odt
2022-09-27 09:53:50 -- no17_MMRecord.odt has data? True, template opened?True
2022-09-27 09:54:31 -- Open Template => D:\cSharp\outflowreportexportapi\OutFlowReportExportAPI\App_Data\template\appendix\no17_MMRecord.odt
2022-09-27 09:54:32 -- no17_MMRecord.odt has data? True, template opened?True
2022-09-27 10:07:40 -- Open Template => D:\cSharp\outflowreportexportapi\OutFlowReportExportAPI\App_Data\template\appendix\no17_MMRecord.odt
2022-09-27 10:07:41 -- no17_MMRecord.odt has data? True, template opened?True
2022-09-27 10:07:41 -- Generate word => D:\cSharp\outflowreportexportapi\OutFlowReportExportAPI\bin\..\App_Data\temp\appendix\LR-OPL-008-111-0073\LR-OPL-008-111-0073.odt
2022-09-27 10:08:11 -- Open Template => D:\cSharp\outflowreportexportapi\OutFlowReportExportAPI\App_Data\template\appendix\no18_MMSVRecord.odt
2022-09-27 10:08:12 -- no18_MMSVRecord.odt has data? True, template opened?True
2022-09-27 10:08:12 -- Generate word => D:\cSharp\outflowreportexportapi\OutFlowReportExportAPI\bin\..\App_Data\temp\appendix\LR-OPL-008-111-0073\LR-OPL-008-111-0073.odt
2022-09-27 10:10:21 -- Open Template => D:\cSharp\outflowreportexportapi\OutFlowReportExportAPI\App_Data\template\appendix\no18_MMSVRecord.odt
2022-09-27 10:10:22 -- no18_MMSVRecord.odt has data? True, template opened?True
2022-09-27 10:10:23 -- Generate word => D:\cSharp\outflowreportexportapi\OutFlowReportExportAPI\bin\..\App_Data\temp\appendix\LR-OPL-008-111-0073\LR-OPL-008-111-0073.odt
